Thousand: changes log

Version 2.4.3:
• The “App about” interface has been updated

Version 2.4.2:
• XPUN update has been applied

Version 2.4:
• The application has been retargeted to .NET Framework 4.8.1;
• Access checking method has been completely rewritten: now it will properly detect problems
  with file / registry input / output and help user with fixing them;
• Added the special section in the user guide for access troubleshooting

Version 2.3:
• Updated HypeHelp and Updates checker mechanics: this should fix apps freezing immediately
  after launch (on some PCs)

Version 2.2.3:
• Updated the HypeHelp links list

Version 2.2.2:
• Update for XPUN has been applied

Version 2.2:
• Added the correct appearance for the dices;
• Core updates have been applied

Version 2.1.14:
• Added a new version of offline help

Version 2.1.13:
• The offline quick help has been discontinued;
• Completed the process of version control unification

Version 2.1.11:
• Updates and fixes have been applied to the update polling mechanism, as well as to other auxiliary functions

Version 2.1.9:
• New identity has been applied

Version 2.1.8:
• Added the obvious URL for text guide

Version 2.1.7:
• Fixed some issues with the Policy loader where it would sometimes ask for multiple confirmations

Version 2.1.5:
• Implemented the access rights checker: it will test the availability of the Windows registry
  and the application placement for writing and notify user about possible problems;
• Updated the user manual;
• Updated the storage method of text tips

Version 2.1:
• Rewritten settings operator: it should fix problems with requiring administrator rights;
• Updated the interface of message boxes

Version 2.0.7:
• Added UTF32 encoding;
• The interface was adapted to Windows 10, incorrect window borders were fixed

Version 2.0:
• Publication on GitHub;
• App has been integrated into the FDL versioning system and now has an English localization;
• Game now supports the dice shuffling
